
<dict>
	cocos2d.x.version: quick-cocos2d-x 2.2.5
	cocos2d.x.compiled_with_profiler: false
	cocos2d.x.compiled_with_gl_state_cache: true
	gl.vendor: NVIDIA Corporation
	gl.renderer: GeForce GT 640/PCIe/SSE2
	gl.version: 4.3.0
	gl.max_texture_size: 16384
	gl.max_texture_units: 192
	gl.supports_PVRTC: false
	gl.supports_NPOT: true
	gl.supports_BGRA8888: false
	gl.supports_discard_framebuffer: false
	gl.supports_vertex_array_object: true
</dict>
lua_loadChunksFromZIP() - load zip file: E:\ZhanHuang\quick-cocos2d-x\lib\framework_precompiled\framework_precompiled.zip
lua_loadChunksFromZIP() - loaded chunks count: 118
------------------------------------------------
LOAD LUA FILE: E:/ZhanHuang/quick-cocos2d-x/samples/shoot_game/scripts/main.lua
------------------------------------------------
[0.3637] [INFO] 
[0.3641] [INFO] # DEBUG                        = 1
[0.3647] [INFO] #
[0.3654] [INFO] # device.platform              = windows
[0.3659] [INFO] # device.model                 = unknown
[0.3664] [INFO] # device.language              = cn
[0.3669] [INFO] # device.writablePath          = E:\ZhanHuang\quick-cocos2d-x\samples\shoot_game\
[0.3677] [INFO] # device.cachePath             = E:\ZhanHuang\quick-cocos2d-x\samples\shoot_game\
[0.3686] [INFO] # device.directorySeparator    = \
[0.3690] [INFO] # device.pathSeparator         = ;
[0.3695] [INFO] #
[0.3712] [INFO] # CONFIG_SCREEN_AUTOSCALE      = FIXED_HEIGHT
[0.3716] [INFO] # CONFIG_SCREEN_WIDTH          = 960.00
[0.3721] [INFO] # CONFIG_SCREEN_HEIGHT         = 640.00
[0.3726] [INFO] # display.widthInPixels        = 960.00
[0.3732] [INFO] # display.heightInPixels       = 640.00
[0.3737] [INFO] # display.contentScaleFactor   = 1.00
[0.3742] [INFO] # display.width                = 960.00
[0.3747] [INFO] # display.height               = 640.00
[0.3752] [INFO] # display.cx                   = 480.00
[0.3757] [INFO] # display.cy                   = 320.00
[0.3762] [INFO] # display.left                 = 0.00
[0.3768] [INFO] # display.right                = 960.00
[0.3773] [INFO] # display.top                  = 640.00
[0.3780] [INFO] # display.bottom               = 0.00
[0.3786] [INFO] # display.c_left               = -480.00
[0.3790] [INFO] # display.c_right              = 480.00
[0.3796] [INFO] # display.c_top                = 320.00
[0.3801] [INFO] # display.c_bottom             = -320.00
[0.3805] [INFO] #
BaseFactory
dragonBones::CCDBManager::printTickCount tickcount:1 thisptr:18038840 msCCDBManager:0, sizeof(128) 96, 20
cocos2d : getActionByTag(tag = 123): Action not found
cocos2d : getActionByTag(tag = 123): Action not found
cocos2d : getActionByTag(tag = 123): Action not found
[6.4449] [INFO] miss
cocos2d : getActionByTag(tag = 123): Action not found
[8.6299] [INFO] miss
cocos2d : getActionByTag(tag = 123): Action not found
[10.9483] [INFO] miss
cocos2d : getActionByTag(tag = 123): Action not found
[13.1167] [INFO] miss
cocos2d : getActionByTag(tag = 123): Action not found
cocos2d : getActionByTag(tag = 123): Action not found
cocos2d : getActionByTag(tag = 123): Action not found
[18.2874] [INFO] miss
[18.7211] [INFO] miss
cocos2d : getActionByTag(tag = 123): Action not found
[19.1048] [INFO] miss
[19.7887] [INFO] miss
[20.0055] [INFO] miss
cocos2d : getActionByTag(tag = 123): Action not found
[20.8061] [INFO] miss
[21.2228] [INFO] miss
cocos2d : getActionByTag(tag = 123): Action not found
[25.8929] [INFO] miss
cocos2d : getActionByTag(tag = 123): Action not found
[26.6947] [INFO] miss
cocos2d : getActionByTag(tag = 123): Action not found
[28.1447] [INFO] miss
cocos2d : getActionByTag(tag = 123): Action not found
cocos2d : getActionByTag(tag = 123): Action not found
