
<dict>
	cocos2d.x.version: quick-cocos2d-x 2.2.5
	cocos2d.x.compiled_with_profiler: false
	cocos2d.x.compiled_with_gl_state_cache: true
	gl.vendor: NVIDIA Corporation
	gl.renderer: GeForce GT 640/PCIe/SSE2
	gl.version: 4.3.0
	gl.max_texture_size: 16384
	gl.max_texture_units: 192
	gl.supports_PVRTC: false
	gl.supports_NPOT: true
	gl.supports_BGRA8888: false
	gl.supports_discard_framebuffer: false
	gl.supports_vertex_array_object: true
</dict>
lua_loadChunksFromZIP() - load zip file: E:\ZhanHuang\quick-cocos2d-x\lib\framework_precompiled\framework_precompiled.zip
lua_loadChunksFromZIP() - loaded chunks count: 118
------------------------------------------------
LOAD LUA FILE: E:/ZhanHuang/quick-cocos2d-x/samples/my_coinflip/scripts/main.lua
------------------------------------------------
[0.3536] [INFO] 
[0.3541] [INFO] # DEBUG                        = 1
[0.3547] [INFO] #
[0.3554] [INFO] # device.platform              = windows
[0.3559] [INFO] # device.model                 = unknown
[0.3564] [INFO] # device.language              = cn
[0.3571] [INFO] # device.writablePath          = E:\ZhanHuang\quick-cocos2d-x\samples\my_coinflip\
[0.3576] [INFO] # device.cachePath             = E:\ZhanHuang\quick-cocos2d-x\samples\my_coinflip\
[0.3588] [INFO] # device.directorySeparator    = \
[0.3593] [INFO] # device.pathSeparator         = ;
[0.3598] [INFO] #
[0.3617] [INFO] # CONFIG_SCREEN_AUTOSCALE      = FIXED_WIDTH
[0.3620] [INFO] # CONFIG_SCREEN_WIDTH          = 640.00
[0.3626] [INFO] # CONFIG_SCREEN_HEIGHT         = 960.00
[0.3631] [INFO] # display.widthInPixels        = 640.00
[0.3637] [INFO] # display.heightInPixels       = 960.00
[0.3642] [INFO] # display.contentScaleFactor   = 1.00
[0.3648] [INFO] # display.width                = 640.00
[0.3653] [INFO] # display.height               = 960.00
[0.3659] [INFO] # display.cx                   = 320.00
[0.3664] [INFO] # display.cy                   = 480.00
[0.3669] [INFO] # display.left                 = 0.00
[0.3675] [INFO] # display.right                = 640.00
[0.3680] [INFO] # display.top                  = 960.00
[0.3685] [INFO] # display.bottom               = 0.00
[0.3691] [INFO] # display.c_left               = -320.00
[0.3695] [INFO] # display.c_right              = 320.00
[0.3701] [INFO] # display.c_top                = 480.00
[0.3710] [INFO] # display.c_bottom             = -480.00
[0.3715] [INFO] #
BaseFactory
dragonBones::CCDBManager::printTickCount tickcount:1 thisptr:3883008 msCCDBManager:0, sizeof(128) 96, 20
[2.7135] [INFO] params.tag = 5
[4.3361] [INFO] 恭喜你，胜利啦！
[26.2735] [INFO] params.tag = 39
[31.7234] [INFO] 恭喜你，胜利啦！
