
<dict>
	cocos2d.x.version: quick-cocos2d-x 2.2.5
	cocos2d.x.compiled_with_profiler: false
	cocos2d.x.compiled_with_gl_state_cache: true
	gl.vendor: NVIDIA Corporation
	gl.renderer: GeForce GT 640/PCIe/SSE2
	gl.version: 4.3.0
	gl.max_texture_size: 16384
	gl.max_texture_units: 192
	gl.supports_PVRTC: false
	gl.supports_NPOT: true
	gl.supports_BGRA8888: false
	gl.supports_discard_framebuffer: false
	gl.supports_vertex_array_object: true
</dict>
lua_loadChunksFromZIP() - load zip file: E:\ZhanHuang\quick-cocos2d-x\lib\framework_precompiled\framework_precompiled.zip
lua_loadChunksFromZIP() - loaded chunks count: 118
------------------------------------------------
LOAD LUA FILE: E:/ZhanHuang/quick-cocos2d-x/samples/my_physics/scripts/main.lua
------------------------------------------------
[0.4327] [INFO] 
[0.4332] [INFO] # DEBUG                        = 1
[0.4338] [INFO] #
[0.4346] [INFO] # device.platform              = windows
[0.4351] [INFO] # device.model                 = unknown
[0.4357] [INFO] # device.language              = cn
[0.4362] [INFO] # device.writablePath          = E:\ZhanHuang\quick-cocos2d-x\samples\my_physics\
[0.4370] [INFO] # device.cachePath             = E:\ZhanHuang\quick-cocos2d-x\samples\my_physics\
[0.4379] [INFO] # device.directorySeparator    = \
[0.4383] [INFO] # device.pathSeparator         = ;
[0.4388] [INFO] #
[0.4405] [INFO] # CONFIG_SCREEN_AUTOSCALE      = FIXED_HEIGHT
[0.4409] [INFO] # CONFIG_SCREEN_WIDTH          = 1440.00
[0.4413] [INFO] # CONFIG_SCREEN_HEIGHT         = 960.00
[0.4418] [INFO] # display.widthInPixels        = 960.00
[0.4423] [INFO] # display.heightInPixels       = 640.00
[0.4428] [INFO] # display.contentScaleFactor   = 0.67
[0.4433] [INFO] # display.width                = 1440.00
[0.4438] [INFO] # display.height               = 960.00
[0.4443] [INFO] # display.cx                   = 720.00
[0.4448] [INFO] # display.cy                   = 480.00
[0.4453] [INFO] # display.left                 = 0.00
[0.4458] [INFO] # display.right                = 1440.00
[0.4462] [INFO] # display.top                  = 960.00
[0.4468] [INFO] # display.bottom               = 0.00
[0.4473] [INFO] # display.c_left               = -720.00
[0.4477] [INFO] # display.c_right              = 720.00
[0.4482] [INFO] # display.c_top                = 480.00
[0.4487] [INFO] # display.c_bottom             = -480.00
[0.4491] [INFO] #
BaseFactory
dragonBones::CCDBManager::printTickCount tickcount:1 thisptr:16859192 msCCDBManager:0, sizeof(128) 96, 20
CCPhysicsWorld::~CCPhysicsWorld(void)
